0 info it worked if it ends with ok
1 verbose cli [ '/usr/bin/nodejs',
1 verbose cli   '/usr/bin/npm',
1 verbose cli   'install',
1 verbose cli   'karma-chrome-launcher',
1 verbose cli   '--save-dev' ]
2 info using npm@1.3.10
3 info using node@v0.10.25
4 warn package.json my-test@0.0.0 No repository field.
5 warn package.json my-test@0.0.0 No README data
6 verbose readDependencies using package.json deps
7 verbose cache add [ 'karma-chrome-launcher', null ]
8 verbose cache add name=undefined spec="karma-chrome-launcher" args=["karma-chrome-launcher",null]
9 verbose parsed url { protocol: null,
9 verbose parsed url   slashes: null,
9 verbose parsed url   auth: null,
9 verbose parsed url   host: null,
9 verbose parsed url   port: null,
9 verbose parsed url   hostname: null,
9 verbose parsed url   hash: null,
9 verbose parsed url   search: null,
9 verbose parsed url   query: null,
9 verbose parsed url   pathname: 'karma-chrome-launcher',
9 verbose parsed url   path: 'karma-chrome-launcher',
9 verbose parsed url   href: 'karma-chrome-launcher' }
10 silly lockFile 4f6bc915-karma-chrome-launcher karma-chrome-launcher
11 verbose lock karma-chrome-launcher /home/dima/.npm/4f6bc915-karma-chrome-launcher.lock
12 silly lockFile 4f6bc915-karma-chrome-launcher karma-chrome-launcher
13 silly lockFile 4f6bc915-karma-chrome-launcher karma-chrome-launcher
14 verbose addNamed [ 'karma-chrome-launcher', '' ]
15 verbose addNamed [ null, '*' ]
16 silly lockFile cd66acf6-karma-chrome-launcher karma-chrome-launcher@
17 verbose lock karma-chrome-launcher@ /home/dima/.npm/cd66acf6-karma-chrome-launcher.lock
18 silly addNameRange { name: 'karma-chrome-launcher', range: '*', hasData: false }
19 verbose url raw karma-chrome-launcher
20 verbose url resolving [ 'https://registry.npmjs.org/', './karma-chrome-launcher' ]
21 verbose url resolved https://registry.npmjs.org/karma-chrome-launcher
22 info trying registry request attempt 1 at 21:16:12
23 http GET https://registry.npmjs.org/karma-chrome-launcher
24 http 200 https://registry.npmjs.org/karma-chrome-launcher
25 silly registry.get cb [ 200,
25 silly registry.get   { date: 'Sat, 25 Oct 2014 17:16:12 GMT',
25 silly registry.get     server: 'CouchDB/1.5.0 (Erlang OTP/R14B04)',
25 silly registry.get     etag: '"3JE0NHD9CKD2YUMUXT6Y2BEQB"',
25 silly registry.get     'content-type': 'application/json',
25 silly registry.get     'cache-control': 'max-age=60',
25 silly registry.get     'content-length': '11627',
25 silly registry.get     'accept-ranges': 'bytes',
25 silly registry.get     via: '1.1 varnish',
25 silly registry.get     age: '894',
25 silly registry.get     'x-served-by': 'cache-fra1234-FRA',
25 silly registry.get     'x-cache': 'HIT',
25 silly registry.get     'x-cache-hits': '1',
25 silly registry.get     'x-timer': 'S1414257372.722514,VS0,VE0',
25 silly registry.get     vary: 'Accept',
25 silly registry.get     'keep-alive': 'timeout=10, max=50',
25 silly registry.get     connection: 'Keep-Alive' } ]
26 silly addNameRange number 2 { name: 'karma-chrome-launcher', range: '*', hasData: true }
27 silly addNameRange versions [ 'karma-chrome-launcher',
27 silly addNameRange   [ '0.0.1',
27 silly addNameRange     '0.0.2',
27 silly addNameRange     '0.1.0',
27 silly addNameRange     '0.1.1',
27 silly addNameRange     '0.1.2',
27 silly addNameRange     '0.1.3',
27 silly addNameRange     '0.1.4',
27 silly addNameRange     '0.1.5' ] ]
28 verbose addNamed [ 'karma-chrome-launcher', '0.1.5' ]
29 verbose addNamed [ '0.1.5', '0.1.5' ]
30 silly lockFile 8243f81a-karma-chrome-launcher-0-1-5 karma-chrome-launcher@0.1.5
31 verbose lock karma-chrome-launcher@0.1.5 /home/dima/.npm/8243f81a-karma-chrome-launcher-0-1-5.lock
32 silly lockFile 8901bcd1--karma-chrome-launcher-0-1-5-tgz https://registry.npmjs.org/karma-chrome-launcher/-/karma-chrome-launcher-0.1.5.tgz
33 verbose lock https://registry.npmjs.org/karma-chrome-launcher/-/karma-chrome-launcher-0.1.5.tgz /home/dima/.npm/8901bcd1--karma-chrome-launcher-0-1-5-tgz.lock
34 verbose addRemoteTarball [ 'https://registry.npmjs.org/karma-chrome-launcher/-/karma-chrome-launcher-0.1.5.tgz',
34 verbose addRemoteTarball   '70e95dca5c4d7a15884850daa3ab60d648dbfe8b' ]
35 silly lockFile 8901bcd1--karma-chrome-launcher-0-1-5-tgz https://registry.npmjs.org/karma-chrome-launcher/-/karma-chrome-launcher-0.1.5.tgz
36 silly lockFile 8901bcd1--karma-chrome-launcher-0-1-5-tgz https://registry.npmjs.org/karma-chrome-launcher/-/karma-chrome-launcher-0.1.5.tgz
37 silly lockFile 8243f81a-karma-chrome-launcher-0-1-5 karma-chrome-launcher@0.1.5
38 silly lockFile 8243f81a-karma-chrome-launcher-0-1-5 karma-chrome-launcher@0.1.5
39 silly lockFile cd66acf6-karma-chrome-launcher karma-chrome-launcher@
40 silly lockFile cd66acf6-karma-chrome-launcher karma-chrome-launcher@
41 error Error: EACCES, mkdir '/home/dima/tmp/npm-13582-h2bHuN8I'
41 error  { [Error: EACCES, mkdir '/home/dima/tmp/npm-13582-h2bHuN8I']
41 error   errno: 3,
41 error   code: 'EACCES',
41 error   path: '/home/dima/tmp/npm-13582-h2bHuN8I' }
42 error Please try running this command again as root/Administrator.
43 error System Linux 3.13.0-37-generic
44 error command "/usr/bin/nodejs" "/usr/bin/npm" "install" "karma-chrome-launcher" "--save-dev"
45 error cwd /home/dima/WebstormProjects/mv-test
46 error node -v v0.10.25
47 error npm -v 1.3.10
48 error path /home/dima/tmp/npm-13582-h2bHuN8I
49 error code EACCES
50 error errno 3
51 error stack Error: EACCES, mkdir '/home/dima/tmp/npm-13582-h2bHuN8I'
52 verbose exit [ 3, true ]
